2023-08-17T14:39:59.310+05:30  INFO 8364 --- [restartedMain] c.db.SpringProjectDbAbhay2Application    : Starting SpringProjectDbAbhay2Application using Java 17.0.6 with PID 8364 (C:\Users\DELL\Documents\workspace-spring-tool-suite-4-4.18.0.RELEASE\Spring_Project_DB_Abhay_2\target\classes started by DELL in C:\Users\DELL\Documents\workspace-spring-tool-suite-4-4.18.0.RELEASE\Spring_Project_DB_Abhay_2)
2023-08-17T14:39:59.313+05:30  INFO 8364 --- [restartedMain] c.db.SpringProjectDbAbhay2Application    : No active profile set, falling back to 1 default profile: "default"
2023-08-17T14:39:59.372+05:30  INFO 8364 --- [restartedMain] .e.DevToolsPropertyDefaultsPostProcessor : Devtools property defaults active! Set 'spring.devtools.add-properties' to 'false' to disable
2023-08-17T14:39:59.375+05:30  INFO 8364 --- [restartedMain] .e.DevToolsPropertyDefaultsPostProcessor : For additional web related logging consider setting the 'logging.level.web' property to 'DEBUG'
2023-08-17T14:39:59.879+05:30  INFO 8364 --- [restartedMain] .s.d.r.c.RepositoryConfigurationDelegate : Bootstrapping Spring Data JPA repositories in DEFAULT mode.
2023-08-17T14:39:59.899+05:30  INFO 8364 --- [restartedMain] .s.d.r.c.RepositoryConfigurationDelegate : Finished Spring Data repository scanning in 13 ms. Found 0 JPA repository interfaces.
2023-08-17T14:40:00.136+05:30  INFO 8364 --- [restartedMain] trationDelegate$BeanPostProcessorChecker : Bean 'org.springframework.ws.config.annotation.DelegatingWsConfiguration' of type [org.springframework.ws.config.annotation.DelegatingWsConfiguration$$SpringCGLIB$$0] is not eligible for getting processed by all BeanPostProcessors (for example: not eligible for auto-proxying)
2023-08-17T14:40:00.183+05:30  INFO 8364 --- [restartedMain] .w.s.a.s.AnnotationActionEndpointMapping : Supporting [WS-Addressing August 2004, WS-Addressing 1.0]
2023-08-17T14:40:00.460+05:30  INFO 8364 --- [restartedMain] o.s.b.w.embedded.tomcat.TomcatWebServer  : Tomcat initialized with port(s): 8080 (http)
2023-08-17T14:40:00.470+05:30  INFO 8364 --- [restartedMain] o.apache.catalina.core.StandardService   : Starting service [Tomcat]
2023-08-17T14:40:00.471+05:30  INFO 8364 --- [restartedMain] o.apache.catalina.core.StandardEngine    : Starting Servlet engine: [Apache Tomcat/10.1.11]
2023-08-17T14:40:00.532+05:30  INFO 8364 --- [restartedMain] o.a.c.c.C.[Tomcat].[localhost].[/]       : Initializing Spring embedded WebApplicationContext
2023-08-17T14:40:00.533+05:30  INFO 8364 --- [restartedMain] w.s.c.ServletWebServerApplicationContext : Root WebApplicationContext: initialization completed in 1158 ms
2023-08-17T14:40:00.661+05:30  INFO 8364 --- [restartedMain] o.hibernate.jpa.internal.util.LogHelper  : HHH000204: Processing PersistenceUnitInfo [name: default]
2023-08-17T14:40:00.710+05:30  INFO 8364 --- [restartedMain] org.hibernate.Version                    : HHH000412: Hibernate ORM core version 6.2.6.Final
2023-08-17T14:40:00.712+05:30  INFO 8364 --- [restartedMain] org.hibernate.cfg.Environment            : HHH000406: Using bytecode reflection optimizer
2023-08-17T14:40:00.850+05:30  INFO 8364 --- [restartedMain] o.h.b.i.BytecodeProviderInitiator        : HHH000021: Bytecode provider name : bytebuddy
2023-08-17T14:40:00.959+05:30  INFO 8364 --- [restartedMain] o.s.o.j.p.SpringPersistenceUnitInfo      : No LoadTimeWeaver setup: ignoring JPA class transformer
2023-08-17T14:40:00.975+05:30  INFO 8364 --- [restartedMain] com.zaxxer.hikari.HikariDataSource       : HikariPool-1 - Starting...
2023-08-17T14:40:01.102+05:30  INFO 8364 --- [restartedMain] com.zaxxer.hikari.pool.HikariPool        : HikariPool-1 - Added connection com.mysql.cj.jdbc.ConnectionImpl@4a78604b
2023-08-17T14:40:01.105+05:30  INFO 8364 --- [restartedMain] com.zaxxer.hikari.HikariDataSource       : HikariPool-1 - Start completed.
2023-08-17T14:40:01.306+05:30  INFO 8364 --- [restartedMain] o.h.b.i.BytecodeProviderInitiator        : HHH000021: Bytecode provider name : bytebuddy
2023-08-17T14:40:01.756+05:30  INFO 8364 --- [restartedMain] o.h.e.t.j.p.i.JtaPlatformInitiator       : HHH000490: Using JtaPlatform implementation: [org.hibernate.engine.transaction.jta.platform.internal.NoJtaPlatform]
2023-08-17T14:40:01.811+05:30  INFO 8364 --- [restartedMain] j.LocalContainerEntityManagerFactoryBean : Initialized JPA EntityManagerFactory for persistence unit 'default'
2023-08-17T14:40:01.864+05:30  WARN 8364 --- [restartedMain] JpaBaseConfiguration$JpaWebConfiguration : spring.jpa.open-in-view is enabled by default. Therefore, database queries may be performed during view rendering. Explicitly configure spring.jpa.open-in-view to disable this warning
2023-08-17T14:40:02.158+05:30  INFO 8364 --- [restartedMain] o.s.b.d.a.OptionalLiveReloadServer       : LiveReload server is running on port 35729
2023-08-17T14:40:02.203+05:30  INFO 8364 --- [restartedMain] o.s.b.w.embedded.tomcat.TomcatWebServer  : Tomcat started on port(s): 8080 (http) with context path ''
2023-08-17T14:40:02.213+05:30  INFO 8364 --- [restartedMain] c.db.SpringProjectDbAbhay2Application    : Started SpringProjectDbAbhay2Application in 3.278 seconds (process running for 4.07)
2023-08-17T14:40:59.919+05:30  INFO 8364 --- [http-nio-8080-exec-2] o.a.c.c.C.[Tomcat].[localhost].[/]       : Initializing Spring DispatcherServlet 'dispatcherServlet'
2023-08-17T14:40:59.919+05:30  INFO 8364 --- [http-nio-8080-exec-2] o.s.web.servlet.DispatcherServlet        : Initializing Servlet 'dispatcherServlet'
2023-08-17T14:40:59.924+05:30  INFO 8364 --- [http-nio-8080-exec-2] o.s.web.servlet.DispatcherServlet        : Completed initialization in 0 ms
2023-08-17T14:41:00.288+05:30  WARN 8364 --- [http-nio-8080-exec-2] .w.s.m.s.DefaultHandlerExceptionResolver : Resolved [org.springframework.http.converter.HttpMessageNotReadableException: JSON parse error: Invalid numeric value: Leading zeroes not allowed]
2023-08-17T14:41:47.406+05:30  WARN 8364 --- [http-nio-8080-exec-4] .w.s.m.s.DefaultHandlerExceptionResolver : Resolved [org.springframework.http.converter.HttpMessageNotReadableException: Required request body is missing: public com.db.model.Employee com.db.controler.EmployeeControler.addEmployee(com.db.model.Employee)]
2023-08-17T14:42:33.618+05:30  INFO 8276 --- [restartedMain] c.db.SpringProjectDbAbhay2Application    : Starting SpringProjectDbAbhay2Application using Java 17.0.6 with PID 8276 (C:\Users\DELL\Documents\workspace-spring-tool-suite-4-4.18.0.RELEASE\Spring_Project_DB_Abhay_2\target\classes started by DELL in C:\Users\DELL\Documents\workspace-spring-tool-suite-4-4.18.0.RELEASE\Spring_Project_DB_Abhay_2)
2023-08-17T14:42:33.622+05:30  INFO 8276 --- [restartedMain] c.db.SpringProjectDbAbhay2Application    : No active profile set, falling back to 1 default profile: "default"
2023-08-17T14:42:33.677+05:30  INFO 8276 --- [restartedMain] .e.DevToolsPropertyDefaultsPostProcessor : Devtools property defaults active! Set 'spring.devtools.add-properties' to 'false' to disable
2023-08-17T14:42:33.677+05:30  INFO 8276 --- [restartedMain] .e.DevToolsPropertyDefaultsPostProcessor : For additional web related logging consider setting the 'logging.level.web' property to 'DEBUG'
2023-08-17T14:42:34.218+05:30  INFO 8276 --- [restartedMain] .s.d.r.c.RepositoryConfigurationDelegate : Bootstrapping Spring Data JPA repositories in DEFAULT mode.
2023-08-17T14:42:34.241+05:30  INFO 8276 --- [restartedMain] .s.d.r.c.RepositoryConfigurationDelegate : Finished Spring Data repository scanning in 15 ms. Found 0 JPA repository interfaces.
2023-08-17T14:42:34.495+05:30  INFO 8276 --- [restartedMain] trationDelegate$BeanPostProcessorChecker : Bean 'org.springframework.ws.config.annotation.DelegatingWsConfiguration' of type [org.springframework.ws.config.annotation.DelegatingWsConfiguration$$SpringCGLIB$$0] is not eligible for getting processed by all BeanPostProcessors (for example: not eligible for auto-proxying)
2023-08-17T14:42:34.539+05:30  INFO 8276 --- [restartedMain] .w.s.a.s.AnnotationActionEndpointMapping : Supporting [WS-Addressing August 2004, WS-Addressing 1.0]
2023-08-17T14:42:34.832+05:30  INFO 8276 --- [restartedMain] o.s.b.w.embedded.tomcat.TomcatWebServer  : Tomcat initialized with port(s): 8080 (http)
2023-08-17T14:42:34.844+05:30  INFO 8276 --- [restartedMain] o.apache.catalina.core.StandardService   : Starting service [Tomcat]
2023-08-17T14:42:34.844+05:30  INFO 8276 --- [restartedMain] o.apache.catalina.core.StandardEngine    : Starting Servlet engine: [Apache Tomcat/10.1.11]
2023-08-17T14:42:34.907+05:30  INFO 8276 --- [restartedMain] o.a.c.c.C.[Tomcat].[localhost].[/]       : Initializing Spring embedded WebApplicationContext
2023-08-17T14:42:34.907+05:30  INFO 8276 --- [restartedMain] w.s.c.ServletWebServerApplicationContext : Root WebApplicationContext: initialization completed in 1230 ms
2023-08-17T14:42:35.045+05:30  INFO 8276 --- [restartedMain] o.hibernate.jpa.internal.util.LogHelper  : HHH000204: Processing PersistenceUnitInfo [name: default]
2023-08-17T14:42:35.093+05:30  INFO 8276 --- [restartedMain] org.hibernate.Version                    : HHH000412: Hibernate ORM core version 6.2.6.Final
2023-08-17T14:42:35.096+05:30  INFO 8276 --- [restartedMain] org.hibernate.cfg.Environment            : HHH000406: Using bytecode reflection optimizer
2023-08-17T14:42:35.201+05:30  INFO 8276 --- [restartedMain] o.h.b.i.BytecodeProviderInitiator        : HHH000021: Bytecode provider name : bytebuddy
2023-08-17T14:42:35.318+05:30  INFO 8276 --- [restartedMain] o.s.o.j.p.SpringPersistenceUnitInfo      : No LoadTimeWeaver setup: ignoring JPA class transformer
2023-08-17T14:42:35.336+05:30  INFO 8276 --- [restartedMain] com.zaxxer.hikari.HikariDataSource       : HikariPool-1 - Starting...
2023-08-17T14:42:35.487+05:30  INFO 8276 --- [restartedMain] com.zaxxer.hikari.pool.HikariPool        : HikariPool-1 - Added connection com.mysql.cj.jdbc.ConnectionImpl@5f8ce2f6
2023-08-17T14:42:35.489+05:30  INFO 8276 --- [restartedMain] com.zaxxer.hikari.HikariDataSource       : HikariPool-1 - Start completed.
2023-08-17T14:42:35.695+05:30  INFO 8276 --- [restartedMain] o.h.b.i.BytecodeProviderInitiator        : HHH000021: Bytecode provider name : bytebuddy
2023-08-17T14:42:36.190+05:30  INFO 8276 --- [restartedMain] o.h.e.t.j.p.i.JtaPlatformInitiator       : HHH000490: Using JtaPlatform implementation: [org.hibernate.engine.transaction.jta.platform.internal.NoJtaPlatform]
2023-08-17T14:42:36.258+05:30  INFO 8276 --- [restartedMain] j.LocalContainerEntityManagerFactoryBean : Initialized JPA EntityManagerFactory for persistence unit 'default'
2023-08-17T14:42:36.310+05:30  WARN 8276 --- [restartedMain] JpaBaseConfiguration$JpaWebConfiguration : spring.jpa.open-in-view is enabled by default. Therefore, database queries may be performed during view rendering. Explicitly configure spring.jpa.open-in-view to disable this warning
2023-08-17T14:42:36.647+05:30  WARN 8276 --- [restartedMain] o.s.b.d.a.OptionalLiveReloadServer       : Unable to start LiveReload server
2023-08-17T14:42:36.673+05:30  WARN 8276 --- [restartedMain] ConfigServletWebServerApplicationContext : Exception encountered during context initialization - cancelling refresh attempt: org.springframework.context.ApplicationContextException: Failed to start bean 'webServerStartStop'
2023-08-17T14:42:36.676+05:30  INFO 8276 --- [restartedMain] j.LocalContainerEntityManagerFactoryBean : Closing JPA EntityManagerFactory for persistence unit 'default'
2023-08-17T14:42:36.680+05:30  INFO 8276 --- [restartedMain] com.zaxxer.hikari.HikariDataSource       : HikariPool-1 - Shutdown initiated...
2023-08-17T14:42:36.690+05:30  INFO 8276 --- [restartedMain] com.zaxxer.hikari.HikariDataSource       : HikariPool-1 - Shutdown completed.
2023-08-17T14:42:36.693+05:30  INFO 8276 --- [restartedMain] o.apache.catalina.core.StandardService   : Stopping service [Tomcat]
2023-08-17T14:42:36.713+05:30  INFO 8276 --- [restartedMain] .s.b.a.l.ConditionEvaluationReportLogger : 

Error starting ApplicationContext. To display the condition evaluation report re-run your application with 'debug' enabled.
2023-08-17T14:42:36.730+05:30 ERROR 8276 --- [restartedMain] o.s.b.d.LoggingFailureAnalysisReporter   : 

***************************
APPLICATION FAILED TO START
***************************

Description:

Web server failed to start. Port 8080 was already in use.

Action:

Identify and stop the process that's listening on port 8080 or configure this application to listen on another port.

2023-08-17T14:42:53.556+05:30  INFO 8364 --- [RMI TCP Connection(12)-127.0.0.1] inMXBeanRegistrar$SpringApplicationAdmin : Application shutdown requested.
2023-08-17T14:42:53.568+05:30  INFO 8364 --- [RMI TCP Connection(12)-127.0.0.1] o.apache.catalina.core.StandardService   : Stopping service [Tomcat]
2023-08-17T14:42:53.570+05:30  INFO 8364 --- [RMI TCP Connection(12)-127.0.0.1] o.a.c.c.C.[Tomcat].[localhost].[/]       : Destroying Spring FrameworkServlet 'dispatcherServlet'
2023-08-17T14:42:53.579+05:30  INFO 8364 --- [RMI TCP Connection(12)-127.0.0.1] j.LocalContainerEntityManagerFactoryBean : Closing JPA EntityManagerFactory for persistence unit 'default'
2023-08-17T14:42:53.583+05:30  INFO 8364 --- [RMI TCP Connection(12)-127.0.0.1] com.zaxxer.hikari.HikariDataSource       : HikariPool-1 - Shutdown initiated...
2023-08-17T14:42:53.596+05:30  INFO 8364 --- [RMI TCP Connection(12)-127.0.0.1] com.zaxxer.hikari.HikariDataSource       : HikariPool-1 - Shutdown completed.
2023-08-17T14:43:04.970+05:30  INFO 19480 --- [restartedMain] c.db.SpringProjectDbAbhay2Application    : Starting SpringProjectDbAbhay2Application using Java 17.0.6 with PID 19480 (C:\Users\DELL\Documents\workspace-spring-tool-suite-4-4.18.0.RELEASE\Spring_Project_DB_Abhay_2\target\classes started by DELL in C:\Users\DELL\Documents\workspace-spring-tool-suite-4-4.18.0.RELEASE\Spring_Project_DB_Abhay_2)
2023-08-17T14:43:04.972+05:30  INFO 19480 --- [restartedMain] c.db.SpringProjectDbAbhay2Application    : No active profile set, falling back to 1 default profile: "default"
2023-08-17T14:43:05.030+05:30  INFO 19480 --- [restartedMain] .e.DevToolsPropertyDefaultsPostProcessor : Devtools property defaults active! Set 'spring.devtools.add-properties' to 'false' to disable
2023-08-17T14:43:05.031+05:30  INFO 19480 --- [restartedMain] .e.DevToolsPropertyDefaultsPostProcessor : For additional web related logging consider setting the 'logging.level.web' property to 'DEBUG'
2023-08-17T14:43:05.550+05:30  INFO 19480 --- [restartedMain] .s.d.r.c.RepositoryConfigurationDelegate : Bootstrapping Spring Data JPA repositories in DEFAULT mode.
2023-08-17T14:43:05.570+05:30  INFO 19480 --- [restartedMain] .s.d.r.c.RepositoryConfigurationDelegate : Finished Spring Data repository scanning in 14 ms. Found 0 JPA repository interfaces.
2023-08-17T14:43:05.794+05:30  INFO 19480 --- [restartedMain] trationDelegate$BeanPostProcessorChecker : Bean 'org.springframework.ws.config.annotation.DelegatingWsConfiguration' of type [org.springframework.ws.config.annotation.DelegatingWsConfiguration$$SpringCGLIB$$0] is not eligible for getting processed by all BeanPostProcessors (for example: not eligible for auto-proxying)
2023-08-17T14:43:05.832+05:30  INFO 19480 --- [restartedMain] .w.s.a.s.AnnotationActionEndpointMapping : Supporting [WS-Addressing August 2004, WS-Addressing 1.0]
2023-08-17T14:43:06.099+05:30  INFO 19480 --- [restartedMain] o.s.b.w.embedded.tomcat.TomcatWebServer  : Tomcat initialized with port(s): 8080 (http)
2023-08-17T14:43:06.109+05:30  INFO 19480 --- [restartedMain] o.apache.catalina.core.StandardService   : Starting service [Tomcat]
2023-08-17T14:43:06.110+05:30  INFO 19480 --- [restartedMain] o.apache.catalina.core.StandardEngine    : Starting Servlet engine: [Apache Tomcat/10.1.11]
2023-08-17T14:43:06.168+05:30  INFO 19480 --- [restartedMain] o.a.c.c.C.[Tomcat].[localhost].[/]       : Initializing Spring embedded WebApplicationContext
2023-08-17T14:43:06.169+05:30  INFO 19480 --- [restartedMain] w.s.c.ServletWebServerApplicationContext : Root WebApplicationContext: initialization completed in 1136 ms
2023-08-17T14:43:06.301+05:30  INFO 19480 --- [restartedMain] o.hibernate.jpa.internal.util.LogHelper  : HHH000204: Processing PersistenceUnitInfo [name: default]
2023-08-17T14:43:06.358+05:30  INFO 19480 --- [restartedMain] org.hibernate.Version                    : HHH000412: Hibernate ORM core version 6.2.6.Final
2023-08-17T14:43:06.361+05:30  INFO 19480 --- [restartedMain] org.hibernate.cfg.Environment            : HHH000406: Using bytecode reflection optimizer
2023-08-17T14:43:06.469+05:30  INFO 19480 --- [restartedMain] o.h.b.i.BytecodeProviderInitiator        : HHH000021: Bytecode provider name : bytebuddy
2023-08-17T14:43:06.562+05:30  INFO 19480 --- [restartedMain] o.s.o.j.p.SpringPersistenceUnitInfo      : No LoadTimeWeaver setup: ignoring JPA class transformer
2023-08-17T14:43:06.578+05:30  INFO 19480 --- [restartedMain] com.zaxxer.hikari.HikariDataSource       : HikariPool-1 - Starting...
2023-08-17T14:43:06.713+05:30  INFO 19480 --- [restartedMain] com.zaxxer.hikari.pool.HikariPool        : HikariPool-1 - Added connection com.mysql.cj.jdbc.ConnectionImpl@30042051
2023-08-17T14:43:06.716+05:30  INFO 19480 --- [restartedMain] com.zaxxer.hikari.HikariDataSource       : HikariPool-1 - Start completed.
2023-08-17T14:43:06.926+05:30  INFO 19480 --- [restartedMain] o.h.b.i.BytecodeProviderInitiator        : HHH000021: Bytecode provider name : bytebuddy
2023-08-17T14:43:07.374+05:30  INFO 19480 --- [restartedMain] o.h.e.t.j.p.i.JtaPlatformInitiator       : HHH000490: Using JtaPlatform implementation: [org.hibernate.engine.transaction.jta.platform.internal.NoJtaPlatform]
2023-08-17T14:43:07.436+05:30  INFO 19480 --- [restartedMain] j.LocalContainerEntityManagerFactoryBean : Initialized JPA EntityManagerFactory for persistence unit 'default'
2023-08-17T14:43:07.481+05:30  WARN 19480 --- [restartedMain] JpaBaseConfiguration$JpaWebConfiguration : spring.jpa.open-in-view is enabled by default. Therefore, database queries may be performed during view rendering. Explicitly configure spring.jpa.open-in-view to disable this warning
2023-08-17T14:43:07.797+05:30  INFO 19480 --- [restartedMain] o.s.b.d.a.OptionalLiveReloadServer       : LiveReload server is running on port 35729
2023-08-17T14:43:07.837+05:30  INFO 19480 --- [restartedMain] o.s.b.w.embedded.tomcat.TomcatWebServer  : Tomcat started on port(s): 8080 (http) with context path ''
2023-08-17T14:43:07.848+05:30  INFO 19480 --- [restartedMain] c.db.SpringProjectDbAbhay2Application    : Started SpringProjectDbAbhay2Application in 3.216 seconds (process running for 3.861)
2023-08-17T14:45:48.371+05:30  INFO 19480 --- [http-nio-8080-exec-1] o.a.c.c.C.[Tomcat].[localhost].[/]       : Initializing Spring DispatcherServlet 'dispatcherServlet'
2023-08-17T14:45:48.371+05:30  INFO 19480 --- [http-nio-8080-exec-1] o.s.web.servlet.DispatcherServlet        : Initializing Servlet 'dispatcherServlet'
2023-08-17T14:45:48.371+05:30  INFO 19480 --- [http-nio-8080-exec-1] o.s.web.servlet.DispatcherServlet        : Completed initialization in 0 ms
2023-08-17T14:45:48.722+05:30  INFO 19480 --- [http-nio-8080-exec-1] com.db.controler.EmployeeControler       : Save Employee
2023-08-17T14:45:48.722+05:30  INFO 19480 --- [http-nio-8080-exec-1] c.db.service.impl.EmployeeServiceImpl    : Employee(id=0, fristName=Abhay, lastName=, mobile=90090012, salary=12000.1)
2023-08-17T16:14:33.250+05:30  WARN 19480 --- [HikariPool-1 housekeeper] com.zaxxer.hikari.pool.HikariPool        : HikariPool-1 - Thread starvation or clock leap detected (housekeeper delta=1h28m26s383ms183µs).
2023-08-17T16:15:24.847+05:30  INFO 19480 --- [RMI TCP Connection(14)-127.0.0.1] inMXBeanRegistrar$SpringApplicationAdmin : Application shutdown requested.
2023-08-17T16:15:24.884+05:30  INFO 19480 --- [RMI TCP Connection(14)-127.0.0.1] o.apache.catalina.core.StandardService   : Stopping service [Tomcat]
2023-08-17T16:15:24.885+05:30  INFO 19480 --- [RMI TCP Connection(14)-127.0.0.1] o.a.c.c.C.[Tomcat].[localhost].[/]       : Destroying Spring FrameworkServlet 'dispatcherServlet'
2023-08-17T16:15:24.966+05:30  INFO 19480 --- [RMI TCP Connection(14)-127.0.0.1] j.LocalContainerEntityManagerFactoryBean : Closing JPA EntityManagerFactory for persistence unit 'default'
2023-08-17T16:15:24.973+05:30  INFO 19480 --- [RMI TCP Connection(14)-127.0.0.1] com.zaxxer.hikari.HikariDataSource       : HikariPool-1 - Shutdown initiated...
2023-08-17T16:15:24.998+05:30  INFO 19480 --- [RMI TCP Connection(14)-127.0.0.1] com.zaxxer.hikari.HikariDataSource       : HikariPool-1 - Shutdown completed.
