2023-08-25T16:05:40.756+05:30  INFO 7436 --- [restartedMain] com.db.SpringProjectDbApplication        : Starting SpringProjectDbApplication using Java 17.0.6 with PID 7436 (D:\SpringRepo12Aug\Spring_Project_DB\target\classes started by DELL in D:\SpringRepo12Aug\Spring_Project_DB)
2023-08-25T16:05:40.768+05:30  INFO 7436 --- [restartedMain] com.db.SpringProjectDbApplication        : No active profile set, falling back to 1 default profile: "default"
2023-08-25T16:05:40.833+05:30  INFO 7436 --- [restartedMain] .e.DevToolsPropertyDefaultsPostProcessor : Devtools property defaults active! Set 'spring.devtools.add-properties' to 'false' to disable
2023-08-25T16:05:40.834+05:30  INFO 7436 --- [restartedMain] .e.DevToolsPropertyDefaultsPostProcessor : For additional web related logging consider setting the 'logging.level.web' property to 'DEBUG'
2023-08-25T16:05:41.538+05:30  INFO 7436 --- [restartedMain] .s.d.r.c.RepositoryConfigurationDelegate : Bootstrapping Spring Data JPA repositories in DEFAULT mode.
2023-08-25T16:05:41.602+05:30  INFO 7436 --- [restartedMain] .s.d.r.c.RepositoryConfigurationDelegate : Finished Spring Data repository scanning in 55 ms. Found 1 JPA repository interfaces.
2023-08-25T16:05:41.873+05:30  INFO 7436 --- [restartedMain] trationDelegate$BeanPostProcessorChecker : Bean 'org.springframework.ws.config.annotation.DelegatingWsConfiguration' of type [org.springframework.ws.config.annotation.DelegatingWsConfiguration$$SpringCGLIB$$0] is not eligible for getting processed by all BeanPostProcessors (for example: not eligible for auto-proxying)
2023-08-25T16:05:41.920+05:30  INFO 7436 --- [restartedMain] .w.s.a.s.AnnotationActionEndpointMapping : Supporting [WS-Addressing August 2004, WS-Addressing 1.0]
2023-08-25T16:05:42.233+05:30  INFO 7436 --- [restartedMain] o.s.b.w.embedded.tomcat.TomcatWebServer  : Tomcat initialized with port(s): 8080 (http)
2023-08-25T16:05:42.244+05:30  INFO 7436 --- [restartedMain] o.apache.catalina.core.StandardService   : Starting service [Tomcat]
2023-08-25T16:05:42.245+05:30  INFO 7436 --- [restartedMain] o.apache.catalina.core.StandardEngine    : Starting Servlet engine: [Apache Tomcat/10.1.11]
2023-08-25T16:05:42.318+05:30  INFO 7436 --- [restartedMain] o.a.c.c.C.[Tomcat].[localhost].[/]       : Initializing Spring embedded WebApplicationContext
2023-08-25T16:05:42.318+05:30  INFO 7436 --- [restartedMain] w.s.c.ServletWebServerApplicationContext : Root WebApplicationContext: initialization completed in 1483 ms
2023-08-25T16:05:42.584+05:30  INFO 7436 --- [restartedMain] o.hibernate.jpa.internal.util.LogHelper  : HHH000204: Processing PersistenceUnitInfo [name: default]
2023-08-25T16:05:42.639+05:30  INFO 7436 --- [restartedMain] org.hibernate.Version                    : HHH000412: Hibernate ORM core version 6.2.6.Final
2023-08-25T16:05:42.642+05:30  INFO 7436 --- [restartedMain] org.hibernate.cfg.Environment            : HHH000406: Using bytecode reflection optimizer
2023-08-25T16:05:42.791+05:30  INFO 7436 --- [restartedMain] o.h.b.i.BytecodeProviderInitiator        : HHH000021: Bytecode provider name : bytebuddy
2023-08-25T16:05:42.919+05:30  INFO 7436 --- [restartedMain] o.s.o.j.p.SpringPersistenceUnitInfo      : No LoadTimeWeaver setup: ignoring JPA class transformer
2023-08-25T16:05:42.938+05:30  INFO 7436 --- [restartedMain] com.zaxxer.hikari.HikariDataSource       : HikariPool-1 - Starting...
2023-08-25T16:05:43.092+05:30  INFO 7436 --- [restartedMain] com.zaxxer.hikari.pool.HikariPool        : HikariPool-1 - Added connection com.mysql.cj.jdbc.ConnectionImpl@5e79921c
2023-08-25T16:05:43.095+05:30  INFO 7436 --- [restartedMain] com.zaxxer.hikari.HikariDataSource       : HikariPool-1 - Start completed.
2023-08-25T16:05:43.351+05:30  INFO 7436 --- [restartedMain] o.h.b.i.BytecodeProviderInitiator        : HHH000021: Bytecode provider name : bytebuddy
2023-08-25T16:05:44.024+05:30  INFO 7436 --- [restartedMain] o.h.e.t.j.p.i.JtaPlatformInitiator       : HHH000490: Using JtaPlatform implementation: [org.hibernate.engine.transaction.jta.platform.internal.NoJtaPlatform]
2023-08-25T16:05:44.104+05:30  INFO 7436 --- [restartedMain] j.LocalContainerEntityManagerFactoryBean : Initialized JPA EntityManagerFactory for persistence unit 'default'
2023-08-25T16:05:44.455+05:30  WARN 7436 --- [restartedMain] JpaBaseConfiguration$JpaWebConfiguration : spring.jpa.open-in-view is enabled by default. Therefore, database queries may be performed during view rendering. Explicitly configure spring.jpa.open-in-view to disable this warning
2023-08-25T16:05:44.786+05:30  INFO 7436 --- [restartedMain] o.s.b.d.a.OptionalLiveReloadServer       : LiveReload server is running on port 35729
2023-08-25T16:05:44.840+05:30  INFO 7436 --- [restartedMain] o.s.b.w.embedded.tomcat.TomcatWebServer  : Tomcat started on port(s): 8080 (http) with context path ''
2023-08-25T16:05:44.854+05:30  INFO 7436 --- [restartedMain] com.db.SpringProjectDbApplication        : Started SpringProjectDbApplication in 4.604 seconds (process running for 6.028)
2023-08-25T16:06:17.745+05:30  INFO 7436 --- [http-nio-8080-exec-2] o.a.c.c.C.[Tomcat].[localhost].[/]       : Initializing Spring DispatcherServlet 'dispatcherServlet'
2023-08-25T16:06:17.746+05:30  INFO 7436 --- [http-nio-8080-exec-2] o.s.web.servlet.DispatcherServlet        : Initializing Servlet 'dispatcherServlet'
2023-08-25T16:06:17.747+05:30  INFO 7436 --- [http-nio-8080-exec-2] o.s.web.servlet.DispatcherServlet        : Completed initialization in 0 ms
2023-08-25T16:06:17.788+05:30  INFO 7436 --- [http-nio-8080-exec-2] com.db.controler.EmployeeControler       : This is Id: 1
2023-08-25T16:06:31.223+05:30  INFO 7436 --- [http-nio-8080-exec-2] com.db.serviceimpl.EmployeeServiceImpl   : Employee(id=1, firstName=Lalu, lastName=gadwal, address=Burhanpur, mobile=90909090, age=3, email=abanhay@gmail.com, salary=10000.0, gender=M)
2023-08-25T16:06:35.220+05:30  INFO 7436 --- [http-nio-8080-exec-1] com.db.controler.EmployeeControler       : This is Id: 1
2023-08-25T16:06:35.225+05:30  INFO 7436 --- [http-nio-8080-exec-1] com.db.serviceimpl.EmployeeServiceImpl   : Employee(id=1, firstName=Lalu, lastName=gadwal, address=Burhanpur, mobile=90909090, age=3, email=abanhay@gmail.com, salary=10000.0, gender=M)
2023-08-25T16:06:36.466+05:30  INFO 7436 --- [http-nio-8080-exec-4] com.db.controler.EmployeeControler       : This is Id: 1
2023-08-25T16:06:36.471+05:30  INFO 7436 --- [http-nio-8080-exec-4] com.db.serviceimpl.EmployeeServiceImpl   : Employee(id=1, firstName=Lalu, lastName=gadwal, address=Burhanpur, mobile=90909090, age=3, email=abanhay@gmail.com, salary=10000.0, gender=M)
2023-08-25T16:07:04.956+05:30  INFO 7436 --- [http-nio-8080-exec-5] com.db.controler.EmployeeControler       : This is Id: 1
2023-08-25T16:07:40.710+05:30  INFO 7436 --- [http-nio-8080-exec-5] com.db.serviceimpl.EmployeeServiceImpl   : Employee(id=1, firstName=Lalu, lastName=gadwal, address=Burhanpur, mobile=90909090, age=3, email=abanhay@gmail.com, salary=10000.0, gender=M)
2023-08-25T16:09:41.304+05:30  INFO 7436 --- [http-nio-8080-exec-6] com.db.controler.EmployeeControler       : This is Id: 1
2023-08-25T16:09:41.506+05:30  INFO 7436 --- [http-nio-8080-exec-6] com.db.serviceimpl.EmployeeServiceImpl   : Employee(id=1, firstName=Lalu, lastName=gadwal, address=Burhanpur, mobile=90909090, age=3, email=abanhay@gmail.com, salary=10000.0, gender=M)
2023-08-25T16:10:12.709+05:30  INFO 7436 --- [http-nio-8080-exec-7] com.db.controler.EmployeeControler       : This is Id: 1
2023-08-25T16:10:12.716+05:30  INFO 7436 --- [http-nio-8080-exec-7] com.db.serviceimpl.EmployeeServiceImpl   : Employee(id=1, firstName=Lalu, lastName=gadwal, address=Burhanpur, mobile=90909090, age=3, email=abanhay@gmail.com, salary=10000.0, gender=M)
2023-08-25T16:10:13.905+05:30  INFO 7436 --- [http-nio-8080-exec-9] com.db.controler.EmployeeControler       : This is Id: 1
2023-08-25T16:10:13.908+05:30  INFO 7436 --- [http-nio-8080-exec-9] com.db.serviceimpl.EmployeeServiceImpl   : Employee(id=1, firstName=Lalu, lastName=gadwal, address=Burhanpur, mobile=90909090, age=3, email=abanhay@gmail.com, salary=10000.0, gender=M)
2023-08-25T16:10:22.190+05:30  INFO 7436 --- [http-nio-8080-exec-10] com.db.controler.EmployeeControler       : This is Id: 1
2023-08-25T16:10:22.192+05:30  INFO 7436 --- [http-nio-8080-exec-10] com.db.serviceimpl.EmployeeServiceImpl   : Employee(id=1, firstName=Lalu, lastName=gadwal, address=Burhanpur, mobile=90909090, age=3, email=abanhay@gmail.com, salary=10000.0, gender=M)
2023-08-25T16:10:24.167+05:30  INFO 7436 --- [http-nio-8080-exec-8] com.db.controler.EmployeeControler       : This is Id: 1
2023-08-25T16:10:24.184+05:30  INFO 7436 --- [http-nio-8080-exec-8] com.db.serviceimpl.EmployeeServiceImpl   : Employee(id=1, firstName=Lalu, lastName=gadwal, address=Burhanpur, mobile=90909090, age=3, email=abanhay@gmail.com, salary=10000.0, gender=M)
2023-08-25T16:10:34.312+05:30  INFO 7436 --- [http-nio-8080-exec-3] com.db.controler.EmployeeControler       : This is Id: 1
2023-08-25T16:10:38.224+05:30  INFO 7436 --- [http-nio-8080-exec-3] com.db.serviceimpl.EmployeeServiceImpl   : Employee(id=1, firstName=Lalu, lastName=gadwal, address=Burhanpur, mobile=90909090, age=3, email=abanhay@gmail.com, salary=10000.0, gender=M)
2023-08-25T16:23:02.664+05:30  INFO 15656 --- [restartedMain] com.db.SpringProjectDbApplication        : Starting SpringProjectDbApplication using Java 17.0.6 with PID 15656 (D:\SpringRepo12Aug\Spring_Project_DB\target\classes started by DELL in D:\SpringRepo12Aug\Spring_Project_DB)
2023-08-25T16:23:02.667+05:30  INFO 15656 --- [restartedMain] com.db.SpringProjectDbApplication        : No active profile set, falling back to 1 default profile: "default"
2023-08-25T16:23:02.734+05:30  INFO 15656 --- [restartedMain] .e.DevToolsPropertyDefaultsPostProcessor : Devtools property defaults active! Set 'spring.devtools.add-properties' to 'false' to disable
2023-08-25T16:23:02.734+05:30  INFO 15656 --- [restartedMain] .e.DevToolsPropertyDefaultsPostProcessor : For additional web related logging consider setting the 'logging.level.web' property to 'DEBUG'
2023-08-25T16:23:03.379+05:30  INFO 15656 --- [restartedMain] .s.d.r.c.RepositoryConfigurationDelegate : Bootstrapping Spring Data JPA repositories in DEFAULT mode.
2023-08-25T16:23:03.435+05:30  INFO 15656 --- [restartedMain] .s.d.r.c.RepositoryConfigurationDelegate : Finished Spring Data repository scanning in 47 ms. Found 1 JPA repository interfaces.
2023-08-25T16:23:03.710+05:30  INFO 15656 --- [restartedMain] trationDelegate$BeanPostProcessorChecker : Bean 'org.springframework.ws.config.annotation.DelegatingWsConfiguration' of type [org.springframework.ws.config.annotation.DelegatingWsConfiguration$$SpringCGLIB$$0] is not eligible for getting processed by all BeanPostProcessors (for example: not eligible for auto-proxying)
2023-08-25T16:23:03.748+05:30  INFO 15656 --- [restartedMain] .w.s.a.s.AnnotationActionEndpointMapping : Supporting [WS-Addressing August 2004, WS-Addressing 1.0]
2023-08-25T16:23:04.130+05:30  INFO 15656 --- [restartedMain] o.s.b.w.embedded.tomcat.TomcatWebServer  : Tomcat initialized with port(s): 8080 (http)
2023-08-25T16:23:04.141+05:30  INFO 15656 --- [restartedMain] o.apache.catalina.core.StandardService   : Starting service [Tomcat]
2023-08-25T16:23:04.142+05:30  INFO 15656 --- [restartedMain] o.apache.catalina.core.StandardEngine    : Starting Servlet engine: [Apache Tomcat/10.1.11]
2023-08-25T16:23:04.203+05:30  INFO 15656 --- [restartedMain] o.a.c.c.C.[Tomcat].[localhost].[/]       : Initializing Spring embedded WebApplicationContext
2023-08-25T16:23:04.203+05:30  INFO 15656 --- [restartedMain] w.s.c.ServletWebServerApplicationContext : Root WebApplicationContext: initialization completed in 1468 ms
2023-08-25T16:23:04.352+05:30  INFO 15656 --- [restartedMain] o.hibernate.jpa.internal.util.LogHelper  : HHH000204: Processing PersistenceUnitInfo [name: default]
2023-08-25T16:23:04.404+05:30  INFO 15656 --- [restartedMain] org.hibernate.Version                    : HHH000412: Hibernate ORM core version 6.2.6.Final
2023-08-25T16:23:04.406+05:30  INFO 15656 --- [restartedMain] org.hibernate.cfg.Environment            : HHH000406: Using bytecode reflection optimizer
2023-08-25T16:23:04.539+05:30  INFO 15656 --- [restartedMain] o.h.b.i.BytecodeProviderInitiator        : HHH000021: Bytecode provider name : bytebuddy
2023-08-25T16:23:04.669+05:30  INFO 15656 --- [restartedMain] o.s.o.j.p.SpringPersistenceUnitInfo      : No LoadTimeWeaver setup: ignoring JPA class transformer
2023-08-25T16:23:04.689+05:30  INFO 15656 --- [restartedMain] com.zaxxer.hikari.HikariDataSource       : HikariPool-1 - Starting...
2023-08-25T16:23:04.843+05:30  INFO 15656 --- [restartedMain] com.zaxxer.hikari.pool.HikariPool        : HikariPool-1 - Added connection com.mysql.cj.jdbc.ConnectionImpl@36c6d38b
2023-08-25T16:23:04.846+05:30  INFO 15656 --- [restartedMain] com.zaxxer.hikari.HikariDataSource       : HikariPool-1 - Start completed.
2023-08-25T16:23:05.068+05:30  INFO 15656 --- [restartedMain] o.h.b.i.BytecodeProviderInitiator        : HHH000021: Bytecode provider name : bytebuddy
2023-08-25T16:23:05.598+05:30  INFO 15656 --- [restartedMain] o.h.e.t.j.p.i.JtaPlatformInitiator       : HHH000490: Using JtaPlatform implementation: [org.hibernate.engine.transaction.jta.platform.internal.NoJtaPlatform]
2023-08-25T16:23:05.667+05:30  INFO 15656 --- [restartedMain] j.LocalContainerEntityManagerFactoryBean : Initialized JPA EntityManagerFactory for persistence unit 'default'
2023-08-25T16:23:06.000+05:30  WARN 15656 --- [restartedMain] JpaBaseConfiguration$JpaWebConfiguration : spring.jpa.open-in-view is enabled by default. Therefore, database queries may be performed during view rendering. Explicitly configure spring.jpa.open-in-view to disable this warning
2023-08-25T16:23:06.314+05:30  INFO 15656 --- [restartedMain] o.s.b.d.a.OptionalLiveReloadServer       : LiveReload server is running on port 35729
2023-08-25T16:23:06.361+05:30  INFO 15656 --- [restartedMain] o.s.b.w.embedded.tomcat.TomcatWebServer  : Tomcat started on port(s): 8080 (http) with context path ''
2023-08-25T16:23:06.374+05:30  INFO 15656 --- [restartedMain] com.db.SpringProjectDbApplication        : Started SpringProjectDbApplication in 4.171 seconds (process running for 5.121)
2023-08-25T16:23:09.709+05:30  INFO 15656 --- [http-nio-8080-exec-1] o.a.c.c.C.[Tomcat].[localhost].[/]       : Initializing Spring DispatcherServlet 'dispatcherServlet'
2023-08-25T16:23:09.709+05:30  INFO 15656 --- [http-nio-8080-exec-1] o.s.web.servlet.DispatcherServlet        : Initializing Servlet 'dispatcherServlet'
2023-08-25T16:23:09.717+05:30  INFO 15656 --- [http-nio-8080-exec-1] o.s.web.servlet.DispatcherServlet        : Completed initialization in 0 ms
2023-08-25T17:06:25.449+05:30  INFO 1724 --- [restartedMain] com.db.SpringProjectDbApplication        : Starting SpringProjectDbApplication using Java 17.0.6 with PID 1724 (D:\SpringRepo12Aug\Spring_Project_DB\target\classes started by DELL in D:\SpringRepo12Aug\Spring_Project_DB)
2023-08-25T17:06:25.456+05:30  INFO 1724 --- [restartedMain] com.db.SpringProjectDbApplication        : No active profile set, falling back to 1 default profile: "default"
2023-08-25T17:06:25.558+05:30  INFO 1724 --- [restartedMain] .e.DevToolsPropertyDefaultsPostProcessor : Devtools property defaults active! Set 'spring.devtools.add-properties' to 'false' to disable
2023-08-25T17:06:25.559+05:30  INFO 1724 --- [restartedMain] .e.DevToolsPropertyDefaultsPostProcessor : For additional web related logging consider setting the 'logging.level.web' property to 'DEBUG'
2023-08-25T17:06:26.540+05:30  INFO 1724 --- [restartedMain] .s.d.r.c.RepositoryConfigurationDelegate : Bootstrapping Spring Data JPA repositories in DEFAULT mode.
2023-08-25T17:06:26.676+05:30  INFO 1724 --- [restartedMain] .s.d.r.c.RepositoryConfigurationDelegate : Finished Spring Data repository scanning in 109 ms. Found 1 JPA repository interfaces.
2023-08-25T17:06:27.112+05:30  INFO 1724 --- [restartedMain] trationDelegate$BeanPostProcessorChecker : Bean 'org.springframework.ws.config.annotation.DelegatingWsConfiguration' of type [org.springframework.ws.config.annotation.DelegatingWsConfiguration$$SpringCGLIB$$0] is not eligible for getting processed by all BeanPostProcessors (for example: not eligible for auto-proxying)
2023-08-25T17:06:27.186+05:30  INFO 1724 --- [restartedMain] .w.s.a.s.AnnotationActionEndpointMapping : Supporting [WS-Addressing August 2004, WS-Addressing 1.0]
2023-08-25T17:06:27.633+05:30  INFO 1724 --- [restartedMain] o.s.b.w.embedded.tomcat.TomcatWebServer  : Tomcat initialized with port(s): 8080 (http)
2023-08-25T17:06:27.647+05:30  INFO 1724 --- [restartedMain] o.apache.catalina.core.StandardService   : Starting service [Tomcat]
2023-08-25T17:06:27.647+05:30  INFO 1724 --- [restartedMain] o.apache.catalina.core.StandardEngine    : Starting Servlet engine: [Apache Tomcat/10.1.11]
2023-08-25T17:06:27.729+05:30  INFO 1724 --- [restartedMain] o.a.c.c.C.[Tomcat].[localhost].[/]       : Initializing Spring embedded WebApplicationContext
2023-08-25T17:06:27.730+05:30  INFO 1724 --- [restartedMain] w.s.c.ServletWebServerApplicationContext : Root WebApplicationContext: initialization completed in 2171 ms
2023-08-25T17:06:27.971+05:30  INFO 1724 --- [restartedMain] o.hibernate.jpa.internal.util.LogHelper  : HHH000204: Processing PersistenceUnitInfo [name: default]
2023-08-25T17:06:28.081+05:30  INFO 1724 --- [restartedMain] org.hibernate.Version                    : HHH000412: Hibernate ORM core version 6.2.6.Final
2023-08-25T17:06:28.085+05:30  INFO 1724 --- [restartedMain] org.hibernate.cfg.Environment            : HHH000406: Using bytecode reflection optimizer
2023-08-25T17:06:28.349+05:30  INFO 1724 --- [restartedMain] o.h.b.i.BytecodeProviderInitiator        : HHH000021: Bytecode provider name : bytebuddy
2023-08-25T17:06:28.534+05:30  INFO 1724 --- [restartedMain] o.s.o.j.p.SpringPersistenceUnitInfo      : No LoadTimeWeaver setup: ignoring JPA class transformer
2023-08-25T17:06:28.621+05:30  INFO 1724 --- [restartedMain] com.zaxxer.hikari.HikariDataSource       : HikariPool-1 - Starting...
2023-08-25T17:06:29.020+05:30  INFO 1724 --- [restartedMain] com.zaxxer.hikari.pool.HikariPool        : HikariPool-1 - Added connection com.mysql.cj.jdbc.ConnectionImpl@637ebe09
2023-08-25T17:06:29.023+05:30  INFO 1724 --- [restartedMain] com.zaxxer.hikari.HikariDataSource       : HikariPool-1 - Start completed.
2023-08-25T17:06:29.411+05:30  INFO 1724 --- [restartedMain] o.h.b.i.BytecodeProviderInitiator        : HHH000021: Bytecode provider name : bytebuddy
2023-08-25T17:06:30.102+05:30  INFO 1724 --- [restartedMain] o.h.e.t.j.p.i.JtaPlatformInitiator       : HHH000490: Using JtaPlatform implementation: [org.hibernate.engine.transaction.jta.platform.internal.NoJtaPlatform]
2023-08-25T17:06:30.222+05:30  INFO 1724 --- [restartedMain] j.LocalContainerEntityManagerFactoryBean : Initialized JPA EntityManagerFactory for persistence unit 'default'
2023-08-25T17:06:33.045+05:30  WARN 1724 --- [restartedMain] JpaBaseConfiguration$JpaWebConfiguration : spring.jpa.open-in-view is enabled by default. Therefore, database queries may be performed during view rendering. Explicitly configure spring.jpa.open-in-view to disable this warning
2023-08-25T17:06:37.361+05:30  INFO 1724 --- [restartedMain] o.s.b.d.a.OptionalLiveReloadServer       : LiveReload server is running on port 35729
2023-08-25T17:06:37.836+05:30  INFO 1724 --- [restartedMain] o.s.b.w.embedded.tomcat.TomcatWebServer  : Tomcat started on port(s): 8080 (http) with context path ''
2023-08-25T17:06:37.953+05:30  INFO 1724 --- [restartedMain] com.db.SpringProjectDbApplication        : Started SpringProjectDbApplication in 13.082 seconds (process running for 14.303)
2023-08-25T17:06:41.730+05:30  INFO 1724 --- [http-nio-8080-exec-2] o.a.c.c.C.[Tomcat].[localhost].[/]       : Initializing Spring DispatcherServlet 'dispatcherServlet'
2023-08-25T17:06:41.732+05:30  INFO 1724 --- [http-nio-8080-exec-2] o.s.web.servlet.DispatcherServlet        : Initializing Servlet 'dispatcherServlet'
2023-08-25T17:06:41.762+05:30  INFO 1724 --- [http-nio-8080-exec-2] o.s.web.servlet.DispatcherServlet        : Completed initialization in 29 ms
2023-08-25T17:06:42.017+05:30  INFO 1724 --- [http-nio-8080-exec-2] com.db.controler.EmployeeControler       : This is Id: 1
2023-08-25T17:10:17.132+05:30  INFO 3140 --- [restartedMain] com.db.SpringProjectDbApplication        : Starting SpringProjectDbApplication using Java 17.0.6 with PID 3140 (D:\SpringRepo12Aug\Spring_Project_DB\target\classes started by DELL in D:\SpringRepo12Aug\Spring_Project_DB)
2023-08-25T17:10:17.136+05:30  INFO 3140 --- [restartedMain] com.db.SpringProjectDbApplication        : No active profile set, falling back to 1 default profile: "default"
2023-08-25T17:10:17.236+05:30  INFO 3140 --- [restartedMain] .e.DevToolsPropertyDefaultsPostProcessor : Devtools property defaults active! Set 'spring.devtools.add-properties' to 'false' to disable
2023-08-25T17:10:17.240+05:30  INFO 3140 --- [restartedMain] .e.DevToolsPropertyDefaultsPostProcessor : For additional web related logging consider setting the 'logging.level.web' property to 'DEBUG'
2023-08-25T17:10:17.931+05:30  INFO 3140 --- [restartedMain] .s.d.r.c.RepositoryConfigurationDelegate : Bootstrapping Spring Data JPA repositories in DEFAULT mode.
2023-08-25T17:10:18.175+05:30  INFO 3140 --- [restartedMain] .s.d.r.c.RepositoryConfigurationDelegate : Finished Spring Data repository scanning in 135 ms. Found 1 JPA repository interfaces.
2023-08-25T17:10:18.779+05:30  INFO 3140 --- [restartedMain] trationDelegate$BeanPostProcessorChecker : Bean 'org.springframework.ws.config.annotation.DelegatingWsConfiguration' of type [org.springframework.ws.config.annotation.DelegatingWsConfiguration$$SpringCGLIB$$0] is not eligible for getting processed by all BeanPostProcessors (for example: not eligible for auto-proxying)
2023-08-25T17:10:18.882+05:30  INFO 3140 --- [restartedMain] .w.s.a.s.AnnotationActionEndpointMapping : Supporting [WS-Addressing August 2004, WS-Addressing 1.0]
2023-08-25T17:10:19.494+05:30  INFO 3140 --- [restartedMain] o.s.b.w.embedded.tomcat.TomcatWebServer  : Tomcat initialized with port(s): 8080 (http)
2023-08-25T17:10:19.516+05:30  INFO 3140 --- [restartedMain] o.apache.catalina.core.StandardService   : Starting service [Tomcat]
2023-08-25T17:10:19.517+05:30  INFO 3140 --- [restartedMain] o.apache.catalina.core.StandardEngine    : Starting Servlet engine: [Apache Tomcat/10.1.11]
2023-08-25T17:10:19.625+05:30  INFO 3140 --- [restartedMain] o.a.c.c.C.[Tomcat].[localhost].[/]       : Initializing Spring embedded WebApplicationContext
2023-08-25T17:10:19.625+05:30  INFO 3140 --- [restartedMain] w.s.c.ServletWebServerApplicationContext : Root WebApplicationContext: initialization completed in 2383 ms
2023-08-25T17:10:19.890+05:30  INFO 3140 --- [restartedMain] o.hibernate.jpa.internal.util.LogHelper  : HHH000204: Processing PersistenceUnitInfo [name: default]
2023-08-25T17:10:19.985+05:30  INFO 3140 --- [restartedMain] org.hibernate.Version                    : HHH000412: Hibernate ORM core version 6.2.6.Final
2023-08-25T17:10:19.990+05:30  INFO 3140 --- [restartedMain] org.hibernate.cfg.Environment            : HHH000406: Using bytecode reflection optimizer
2023-08-25T17:10:20.226+05:30  INFO 3140 --- [restartedMain] o.h.b.i.BytecodeProviderInitiator        : HHH000021: Bytecode provider name : bytebuddy
2023-08-25T17:10:20.456+05:30  INFO 3140 --- [restartedMain] o.s.o.j.p.SpringPersistenceUnitInfo      : No LoadTimeWeaver setup: ignoring JPA class transformer
2023-08-25T17:10:20.486+05:30  INFO 3140 --- [restartedMain] com.zaxxer.hikari.HikariDataSource       : HikariPool-1 - Starting...
2023-08-25T17:10:20.711+05:30  INFO 3140 --- [restartedMain] com.zaxxer.hikari.pool.HikariPool        : HikariPool-1 - Added connection com.mysql.cj.jdbc.ConnectionImpl@4d639ac8
2023-08-25T17:10:20.717+05:30  INFO 3140 --- [restartedMain] com.zaxxer.hikari.HikariDataSource       : HikariPool-1 - Start completed.
2023-08-25T17:10:21.111+05:30  INFO 3140 --- [restartedMain] o.h.b.i.BytecodeProviderInitiator        : HHH000021: Bytecode provider name : bytebuddy
2023-08-25T17:10:21.896+05:30  INFO 3140 --- [restartedMain] o.h.e.t.j.p.i.JtaPlatformInitiator       : HHH000490: Using JtaPlatform implementation: [org.hibernate.engine.transaction.jta.platform.internal.NoJtaPlatform]
2023-08-25T17:10:21.977+05:30  INFO 3140 --- [restartedMain] j.LocalContainerEntityManagerFactoryBean : Initialized JPA EntityManagerFactory for persistence unit 'default'
2023-08-25T17:10:22.500+05:30  WARN 3140 --- [restartedMain] JpaBaseConfiguration$JpaWebConfiguration : spring.jpa.open-in-view is enabled by default. Therefore, database queries may be performed during view rendering. Explicitly configure spring.jpa.open-in-view to disable this warning
2023-08-25T17:10:23.202+05:30  INFO 3140 --- [restartedMain] o.s.b.d.a.OptionalLiveReloadServer       : LiveReload server is running on port 35729
2023-08-25T17:10:23.276+05:30  INFO 3140 --- [restartedMain] o.s.b.w.embedded.tomcat.TomcatWebServer  : Tomcat started on port(s): 8080 (http) with context path ''
2023-08-25T17:10:23.292+05:30  INFO 3140 --- [restartedMain] com.db.SpringProjectDbApplication        : Started SpringProjectDbApplication in 6.609 seconds (process running for 7.593)
2023-08-25T17:10:26.629+05:30  INFO 3140 --- [http-nio-8080-exec-1] o.a.c.c.C.[Tomcat].[localhost].[/]       : Initializing Spring DispatcherServlet 'dispatcherServlet'
2023-08-25T17:10:26.630+05:30  INFO 3140 --- [http-nio-8080-exec-1] o.s.web.servlet.DispatcherServlet        : Initializing Servlet 'dispatcherServlet'
2023-08-25T17:10:26.634+05:30  INFO 3140 --- [http-nio-8080-exec-1] o.s.web.servlet.DispatcherServlet        : Completed initialization in 3 ms
2023-08-25T17:10:26.685+05:30  INFO 3140 --- [http-nio-8080-exec-1] com.db.controler.EmployeeControler       : This is Id: 1
2023-08-25T17:10:43.616+05:30  INFO 3140 --- [http-nio-8080-exec-1] com.db.serviceimpl.EmployeeServiceImpl   : Employee(id=1, firstName=Lalu, lastName=gadwal, address=Burhanpur, mobile=90909090, age=3, email=abanhay@gmail.com, salary=10000.0, gender=M)
2023-08-25T17:10:49.828+05:30  INFO 3140 --- [File Watcher] rtingClassPathChangeChangedEventListener : Restarting due to 1 class path change (0 additions, 0 deletions, 1 modification)
2023-08-25T17:10:49.845+05:30  INFO 3140 --- [Thread-5] o.apache.catalina.core.StandardService   : Stopping service [Tomcat]
2023-08-25T17:10:49.846+05:30  INFO 3140 --- [Thread-5] o.a.c.c.C.[Tomcat].[localhost].[/]       : Destroying Spring FrameworkServlet 'dispatcherServlet'
2023-08-25T17:10:49.858+05:30  INFO 3140 --- [Thread-5] j.LocalContainerEntityManagerFactoryBean : Closing JPA EntityManagerFactory for persistence unit 'default'
2023-08-25T17:10:49.862+05:30  INFO 3140 --- [Thread-5] com.zaxxer.hikari.HikariDataSource       : HikariPool-1 - Shutdown initiated...
2023-08-25T17:10:49.876+05:30  INFO 3140 --- [Thread-5] com.zaxxer.hikari.HikariDataSource       : HikariPool-1 - Shutdown completed.
2023-08-25T17:10:49.962+05:30  INFO 3140 --- [restartedMain] com.db.SpringProjectDbApplication        : Starting SpringProjectDbApplication using Java 17.0.6 with PID 3140 (D:\SpringRepo12Aug\Spring_Project_DB\target\classes started by DELL in D:\SpringRepo12Aug\Spring_Project_DB)
2023-08-25T17:10:49.962+05:30  INFO 3140 --- [restartedMain] com.db.SpringProjectDbApplication        : No active profile set, falling back to 1 default profile: "default"
2023-08-25T17:10:50.131+05:30  INFO 3140 --- [restartedMain] .s.d.r.c.RepositoryConfigurationDelegate : Bootstrapping Spring Data JPA repositories in DEFAULT mode.
2023-08-25T17:10:50.138+05:30  INFO 3140 --- [restartedMain] .s.d.r.c.RepositoryConfigurationDelegate : Finished Spring Data repository scanning in 6 ms. Found 1 JPA repository interfaces.
2023-08-25T17:10:50.191+05:30  INFO 3140 --- [restartedMain] trationDelegate$BeanPostProcessorChecker : Bean 'org.springframework.ws.config.annotation.DelegatingWsConfiguration' of type [org.springframework.ws.config.annotation.DelegatingWsConfiguration$$SpringCGLIB$$0] is not eligible for getting processed by all BeanPostProcessors (for example: not eligible for auto-proxying)
2023-08-25T17:10:50.193+05:30  INFO 3140 --- [restartedMain] .w.s.a.s.AnnotationActionEndpointMapping : Supporting [WS-Addressing August 2004, WS-Addressing 1.0]
2023-08-25T17:10:50.237+05:30  INFO 3140 --- [restartedMain] o.s.b.w.embedded.tomcat.TomcatWebServer  : Tomcat initialized with port(s): 8080 (http)
2023-08-25T17:10:50.238+05:30  INFO 3140 --- [restartedMain] o.apache.catalina.core.StandardService   : Starting service [Tomcat]
2023-08-25T17:10:50.238+05:30  INFO 3140 --- [restartedMain] o.apache.catalina.core.StandardEngine    : Starting Servlet engine: [Apache Tomcat/10.1.11]
2023-08-25T17:10:50.253+05:30  INFO 3140 --- [restartedMain] o.a.c.c.C.[Tomcat].[localhost].[/]       : Initializing Spring embedded WebApplicationContext
2023-08-25T17:10:50.253+05:30  INFO 3140 --- [restartedMain] w.s.c.ServletWebServerApplicationContext : Root WebApplicationContext: initialization completed in 288 ms
2023-08-25T17:10:50.290+05:30  INFO 3140 --- [restartedMain] o.hibernate.jpa.internal.util.LogHelper  : HHH000204: Processing PersistenceUnitInfo [name: default]
2023-08-25T17:10:50.296+05:30  INFO 3140 --- [restartedMain] o.h.b.i.BytecodeProviderInitiator        : HHH000021: Bytecode provider name : bytebuddy
2023-08-25T17:10:50.296+05:30  INFO 3140 --- [restartedMain] o.s.o.j.p.SpringPersistenceUnitInfo      : No LoadTimeWeaver setup: ignoring JPA class transformer
2023-08-25T17:10:50.297+05:30  INFO 3140 --- [restartedMain] com.zaxxer.hikari.HikariDataSource       : HikariPool-2 - Starting...
2023-08-25T17:10:50.304+05:30  INFO 3140 --- [restartedMain] com.zaxxer.hikari.pool.HikariPool        : HikariPool-2 - Added connection com.mysql.cj.jdbc.ConnectionImpl@25eb3d75
2023-08-25T17:10:50.304+05:30  INFO 3140 --- [restartedMain] com.zaxxer.hikari.HikariDataSource       : HikariPool-2 - Start completed.
2023-08-25T17:10:50.314+05:30  INFO 3140 --- [restartedMain] o.h.b.i.BytecodeProviderInitiator        : HHH000021: Bytecode provider name : bytebuddy
2023-08-25T17:10:50.337+05:30  INFO 3140 --- [restartedMain] o.h.e.t.j.p.i.JtaPlatformInitiator       : HHH000490: Using JtaPlatform implementation: [org.hibernate.engine.transaction.jta.platform.internal.NoJtaPlatform]
2023-08-25T17:10:50.359+05:30  INFO 3140 --- [restartedMain] j.LocalContainerEntityManagerFactoryBean : Initialized JPA EntityManagerFactory for persistence unit 'default'
2023-08-25T17:10:50.439+05:30  WARN 3140 --- [restartedMain] JpaBaseConfiguration$JpaWebConfiguration : spring.jpa.open-in-view is enabled by default. Therefore, database queries may be performed during view rendering. Explicitly configure spring.jpa.open-in-view to disable this warning
2023-08-25T17:10:50.557+05:30  INFO 3140 --- [restartedMain] o.s.b.d.a.OptionalLiveReloadServer       : LiveReload server is running on port 35729
2023-08-25T17:10:50.568+05:30  INFO 3140 --- [restartedMain] o.s.b.w.embedded.tomcat.TomcatWebServer  : Tomcat started on port(s): 8080 (http) with context path ''
2023-08-25T17:10:50.586+05:30  INFO 3140 --- [restartedMain] com.db.SpringProjectDbApplication        : Started SpringProjectDbApplication in 0.65 seconds (process running for 34.888)
2023-08-25T17:10:50.589+05:30  INFO 3140 --- [restartedMain] .ConditionEvaluationDeltaLoggingListener : Condition evaluation unchanged
2023-08-25T17:10:54.018+05:30  INFO 3140 --- [http-nio-8080-exec-1] o.a.c.c.C.[Tomcat].[localhost].[/]       : Initializing Spring DispatcherServlet 'dispatcherServlet'
2023-08-25T17:10:54.019+05:30  INFO 3140 --- [http-nio-8080-exec-1] o.s.web.servlet.DispatcherServlet        : Initializing Servlet 'dispatcherServlet'
2023-08-25T17:10:54.021+05:30  INFO 3140 --- [http-nio-8080-exec-1] o.s.web.servlet.DispatcherServlet        : Completed initialization in 2 ms
2023-08-25T17:10:54.027+05:30  INFO 3140 --- [http-nio-8080-exec-1] com.db.controler.EmployeeControler       : This is Id: 1
2023-08-25T17:11:03.505+05:30  INFO 3140 --- [http-nio-8080-exec-1] com.db.controler.EmployeeControler       : QA setup
2023-08-25T17:14:58.003+05:30  WARN 3140 --- [HikariPool-2 housekeeper] com.zaxxer.hikari.pool.HikariPool        : HikariPool-2 - Thread starvation or clock leap detected (housekeeper delta=2m37s574ms150µs100ns).
2023-08-25T17:15:27.560+05:30  INFO 3140 --- [File Watcher] rtingClassPathChangeChangedEventListener : Restarting due to 1 class path change (0 additions, 0 deletions, 1 modification)
2023-08-25T17:15:27.582+05:30  INFO 3140 --- [Thread-7] o.apache.catalina.core.StandardService   : Stopping service [Tomcat]
2023-08-25T17:15:27.584+05:30  INFO 3140 --- [Thread-7] o.a.c.c.C.[Tomcat].[localhost].[/]       : Destroying Spring FrameworkServlet 'dispatcherServlet'
2023-08-25T17:15:27.616+05:30  INFO 3140 --- [Thread-7] j.LocalContainerEntityManagerFactoryBean : Closing JPA EntityManagerFactory for persistence unit 'default'
2023-08-25T17:15:27.618+05:30  INFO 3140 --- [Thread-7] com.zaxxer.hikari.HikariDataSource       : HikariPool-2 - Shutdown initiated...
2023-08-25T17:15:27.699+05:30  INFO 3140 --- [Thread-7] com.zaxxer.hikari.HikariDataSource       : HikariPool-2 - Shutdown completed.
2023-08-25T17:15:27.848+05:30  INFO 3140 --- [restartedMain] com.db.SpringProjectDbApplication        : Starting SpringProjectDbApplication using Java 17.0.6 with PID 3140 (D:\SpringRepo12Aug\Spring_Project_DB\target\classes started by DELL in D:\SpringRepo12Aug\Spring_Project_DB)
2023-08-25T17:15:27.848+05:30  INFO 3140 --- [restartedMain] com.db.SpringProjectDbApplication        : No active profile set, falling back to 1 default profile: "default"
2023-08-25T17:15:28.121+05:30  INFO 3140 --- [restartedMain] .s.d.r.c.RepositoryConfigurationDelegate : Bootstrapping Spring Data JPA repositories in DEFAULT mode.
2023-08-25T17:15:28.143+05:30  INFO 3140 --- [restartedMain] .s.d.r.c.RepositoryConfigurationDelegate : Finished Spring Data repository scanning in 20 ms. Found 1 JPA repository interfaces.
2023-08-25T17:15:28.249+05:30  INFO 3140 --- [restartedMain] trationDelegate$BeanPostProcessorChecker : Bean 'org.springframework.ws.config.annotation.DelegatingWsConfiguration' of type [org.springframework.ws.config.annotation.DelegatingWsConfiguration$$SpringCGLIB$$0] is not eligible for getting processed by all BeanPostProcessors (for example: not eligible for auto-proxying)
2023-08-25T17:15:28.251+05:30  INFO 3140 --- [restartedMain] .w.s.a.s.AnnotationActionEndpointMapping : Supporting [WS-Addressing August 2004, WS-Addressing 1.0]
2023-08-25T17:15:28.319+05:30  INFO 3140 --- [restartedMain] o.s.b.w.embedded.tomcat.TomcatWebServer  : Tomcat initialized with port(s): 8080 (http)
2023-08-25T17:15:28.319+05:30  INFO 3140 --- [restartedMain] o.apache.catalina.core.StandardService   : Starting service [Tomcat]
2023-08-25T17:15:28.320+05:30  INFO 3140 --- [restartedMain] o.apache.catalina.core.StandardEngine    : Starting Servlet engine: [Apache Tomcat/10.1.11]
2023-08-25T17:15:28.351+05:30  INFO 3140 --- [restartedMain] o.a.c.c.C.[Tomcat].[localhost].[/]       : Initializing Spring embedded WebApplicationContext
2023-08-25T17:15:28.352+05:30  INFO 3140 --- [restartedMain] w.s.c.ServletWebServerApplicationContext : Root WebApplicationContext: initialization completed in 500 ms
2023-08-25T17:15:28.492+05:30  INFO 3140 --- [restartedMain] o.hibernate.jpa.internal.util.LogHelper  : HHH000204: Processing PersistenceUnitInfo [name: default]
2023-08-25T17:15:28.502+05:30  INFO 3140 --- [restartedMain] o.h.b.i.BytecodeProviderInitiator        : HHH000021: Bytecode provider name : bytebuddy
2023-08-25T17:15:28.502+05:30  INFO 3140 --- [restartedMain] o.s.o.j.p.SpringPersistenceUnitInfo      : No LoadTimeWeaver setup: ignoring JPA class transformer
2023-08-25T17:15:28.512+05:30  INFO 3140 --- [restartedMain] com.zaxxer.hikari.HikariDataSource       : HikariPool-3 - Starting...
2023-08-25T17:15:28.518+05:30  INFO 3140 --- [restartedMain] com.zaxxer.hikari.pool.HikariPool        : HikariPool-3 - Added connection com.mysql.cj.jdbc.ConnectionImpl@5a407d3d
2023-08-25T17:15:28.519+05:30  INFO 3140 --- [restartedMain] com.zaxxer.hikari.HikariDataSource       : HikariPool-3 - Start completed.
2023-08-25T17:15:28.541+05:30  INFO 3140 --- [restartedMain] o.h.b.i.BytecodeProviderInitiator        : HHH000021: Bytecode provider name : bytebuddy
2023-08-25T17:15:28.642+05:30  INFO 3140 --- [restartedMain] o.h.e.t.j.p.i.JtaPlatformInitiator       : HHH000490: Using JtaPlatform implementation: [org.hibernate.engine.transaction.jta.platform.internal.NoJtaPlatform]
2023-08-25T17:15:28.700+05:30  INFO 3140 --- [restartedMain] j.LocalContainerEntityManagerFactoryBean : Initialized JPA EntityManagerFactory for persistence unit 'default'
2023-08-25T17:15:28.997+05:30  WARN 3140 --- [restartedMain] JpaBaseConfiguration$JpaWebConfiguration : spring.jpa.open-in-view is enabled by default. Therefore, database queries may be performed during view rendering. Explicitly configure spring.jpa.open-in-view to disable this warning
2023-08-25T17:15:29.193+05:30  INFO 3140 --- [restartedMain] o.s.b.d.a.OptionalLiveReloadServer       : LiveReload server is running on port 35729
2023-08-25T17:15:29.215+05:30  INFO 3140 --- [restartedMain] o.s.b.w.embedded.tomcat.TomcatWebServer  : Tomcat started on port(s): 8080 (http) with context path ''
2023-08-25T17:15:29.230+05:30  INFO 3140 --- [restartedMain] com.db.SpringProjectDbApplication        : Started SpringProjectDbApplication in 1.445 seconds (process running for 313.532)
2023-08-25T17:15:29.232+05:30  INFO 3140 --- [restartedMain] .ConditionEvaluationDeltaLoggingListener : Condition evaluation unchanged
2023-08-25T17:15:31.419+05:30  INFO 3140 --- [http-nio-8080-exec-2] o.a.c.c.C.[Tomcat].[localhost].[/]       : Initializing Spring DispatcherServlet 'dispatcherServlet'
2023-08-25T17:15:31.419+05:30  INFO 3140 --- [http-nio-8080-exec-2] o.s.web.servlet.DispatcherServlet        : Initializing Servlet 'dispatcherServlet'
2023-08-25T17:15:31.422+05:30  INFO 3140 --- [http-nio-8080-exec-2] o.s.web.servlet.DispatcherServlet        : Completed initialization in 2 ms
2023-08-25T17:15:31.426+05:30  INFO 3140 --- [http-nio-8080-exec-2] com.db.controler.EmployeeControler       : This is Id: 1
